..\..\gamerelease - internal\Hacker Evolution Untold.pdb
C:\- COM.EXOSYPHENSTUDIOS\XGAMEFOLDER (CLEAN) - HACKER EVOLUTION UNTOLD\DEV - SOURCECODE\HACKER EVOLUTION UNTOLD\RELEASE\BSHAUDIODIRECTX.OBJ
C:\- COM.EXOSYPHENSTUDIOS\XGAMEFOLDER (CLEAN) - HACKER EVOLUTION UNTOLD\DEV - SOURCECODE\HACKER EVOLUTION UNTOLD\RELEASE\BSHAUDIOPLAYLIST.OBJ
C:\- COM.EXOSYPHENSTUDIOS\XGAMEFOLDER (CLEAN) - HACKER EVOLUTION UNTOLD\DEV - SOURCECODE\HACKER EVOLUTION UNTOLD\RELEASE\BSHINPUT.OBJ
C:\- COM.EXOSYPHENSTUDIOS\XGAMEFOLDER (CLEAN) - HACKER EVOLUTION UNTOLD\DEV - SOURCECODE\HACKER EVOLUTION UNTOLD\RELEASE\EXOUTIL.OBJ
C:\- COM.EXOSYPHENSTUDIOS\XGAMEFOLDER (CLEAN) - HACKER EVOLUTION UNTOLD\DEV - SOURCECODE\HACKER EVOLUTION UNTOLD\RELEASE\HACKER EVOLUTION UNTOLD.EXE.INTERMEDIATE.MANIFEST
C:\- COM.EXOSYPHENSTUDIOS\XGAMEFOLDER (CLEAN) - HACKER EVOLUTION UNTOLD\DEV - SOURCECODE\HACKER EVOLUTION UNTOLD\RELEASE\HACKEREVOLUTION.OBJ
C:\- COM.EXOSYPHENSTUDIOS\XGAMEFOLDER (CLEAN) - HACKER EVOLUTION UNTOLD\DEV - SOURCECODE\HACKER EVOLUTION UNTOLD\RELEASE\HACKEREVOLUTIONDEFINES.OBJ
C:\- COM.EXOSYPHENSTUDIOS\XGAMEFOLDER (CLEAN) - HACKER EVOLUTION UNTOLD\DEV - SOURCECODE\HACKER EVOLUTION UNTOLD\RELEASE\HACKEREVOLUTIONUNTOLD.RES
C:\- COM.EXOSYPHENSTUDIOS\XGAMEFOLDER (CLEAN) - HACKER EVOLUTION UNTOLD\DEV - SOURCECODE\HACKER EVOLUTION UNTOLD\RELEASE\HACKEREVOLUTIONUNTOLD_DEFINES.OBJ
C:\- COM.EXOSYPHENSTUDIOS\XGAMEFOLDER (CLEAN) - HACKER EVOLUTION UNTOLD\DEV - SOURCECODE\HACKER EVOLUTION UNTOLD\RELEASE\HE_DUMMY.OBJ
C:\- COM.EXOSYPHENSTUDIOS\XGAMEFOLDER (CLEAN) - HACKER EVOLUTION UNTOLD\DEV - SOURCECODE\HACKER EVOLUTION UNTOLD\RELEASE\HECOMMANDENGINE.OBJ
C:\- COM.EXOSYPHENSTUDIOS\XGAMEFOLDER (CLEAN) - HACKER EVOLUTION UNTOLD\DEV - SOURCECODE\HACKER EVOLUTION UNTOLD\RELEASE\HEENGINE.OBJ
C:\- COM.EXOSYPHENSTUDIOS\XGAMEFOLDER (CLEAN) - HACKER EVOLUTION UNTOLD\DEV - SOURCECODE\HACKER EVOLUTION UNTOLD\RELEASE\HEGAMELEVEL.OBJ
C:\- COM.EXOSYPHENSTUDIOS\XGAMEFOLDER (CLEAN) - HACKER EVOLUTION UNTOLD\DEV - SOURCECODE\HACKER EVOLUTION UNTOLD\RELEASE\HEGAMEWINDOW.OBJ
C:\- COM.EXOSYPHENSTUDIOS\XGAMEFOLDER (CLEAN) - HACKER EVOLUTION UNTOLD\DEV - SOURCECODE\HACKER EVOLUTION UNTOLD\RELEASE\HEKEYSTACK.OBJ
C:\- COM.EXOSYPHENSTUDIOS\XGAMEFOLDER (CLEAN) - HACKER EVOLUTION UNTOLD\DEV - SOURCECODE\HACKER EVOLUTION UNTOLD\RELEASE\HELOG.OBJ
C:\- COM.EXOSYPHENSTUDIOS\XGAMEFOLDER (CLEAN) - HACKER EVOLUTION UNTOLD\DEV - SOURCECODE\HACKER EVOLUTION UNTOLD\RELEASE\HEPLAYERINFO.OBJ
C:\- COM.EXOSYPHENSTUDIOS\XGAMEFOLDER (CLEAN) - HACKER EVOLUTION UNTOLD\DEV - SOURCECODE\HACKER EVOLUTION UNTOLD\RELEASE\HESYSTEM.OBJ
C:\- COM.EXOSYPHENSTUDIOS\XGAMEFOLDER (CLEAN) - HACKER EVOLUTION UNTOLD\DEV - SOURCECODE\HACKER EVOLUTION UNTOLD\RELEASE\HEUTGAMELANGUAGE.OBJ
C:\- COM.EXOSYPHENSTUDIOS\XGAMEFOLDER (CLEAN) - HACKER EVOLUTION UNTOLD\DEV - SOURCECODE\HACKER EVOLUTION UNTOLD\RELEASE\INET.OBJ
C:\- COM.EXOSYPHENSTUDIOS\XGAMEFOLDER (CLEAN) - HACKER EVOLUTION UNTOLD\DEV - SOURCECODE\HACKER EVOLUTION UNTOLD\RELEASE\MODULERENDER_DIRECTX.OBJ
C:\- COM.EXOSYPHENSTUDIOS\XGAMEFOLDER (CLEAN) - HACKER EVOLUTION UNTOLD\DEV - SOURCECODE\HACKER EVOLUTION UNTOLD\RELEASE\STDAFX.OBJ
C:\- COM.EXOSYPHENSTUDIOS\XGAMEFOLDER (CLEAN) - HACKER EVOLUTION UNTOLD\DEV - SOURCECODE\HACKER EVOLUTION UNTOLD\RELEASE\VC100.PDB
C:\- COM.EXOSYPHENSTUDIOS\XGAMEFOLDER (CLEAN) - HACKER EVOLUTION UNTOLD\RELEASE - FULL VERSION\HACKER EVOLUTION UNTOLD.EXE
C:\- COM.EXOSYPHENSTUDIOS\XGAMEFOLDER (CLEAN) - HACKER EVOLUTION UNTOLD\RELEASE - FULL VERSION\HACKER EVOLUTION UNTOLD.PDB
C:\COM.EXOSYPHENSTUDIOS.SHARED\GAME - HACKER EVOLUTION UNTOLD\GAMERELEASE - INTERNAL\HACKER EVOLUTION UNTOLD.EXE
C:\COM.EXOSYPHENSTUDIOS.SHARED\GAME - HACKER EVOLUTION UNTOLD\GAMERELEASE - INTERNAL\HACKER EVOLUTION UNTOLD.PDB
C:\com.exosyphenstudios.shared\game - Hacker Evolution Untold\sourcecode - HackerEvolutionUntold2014\Hacker Evolution Untold\..\..\gamerelease - internal\Hacker Evolution Untold.exe
C:\COM.EXOSYPHENSTUDIOS.SHARED\GAME - HACKER EVOLUTION UNTOLD\SOURCECODE - HACKEREVOLUTIONUNTOLD2014\HACKER EVOLUTION UNTOLD\RELEASE\BSHAUDIODIRECTX.OBJ
C:\COM.EXOSYPHENSTUDIOS.SHARED\GAME - HACKER EVOLUTION UNTOLD\SOURCECODE - HACKEREVOLUTIONUNTOLD2014\HACKER EVOLUTION UNTOLD\RELEASE\BSHAUDIOPLAYLIST.OBJ
C:\COM.EXOSYPHENSTUDIOS.SHARED\GAME - HACKER EVOLUTION UNTOLD\SOURCECODE - HACKEREVOLUTIONUNTOLD2014\HACKER EVOLUTION UNTOLD\RELEASE\BSHINPUT.OBJ
C:\com.exosyphenstudios.shared\game - Hacker Evolution Untold\sourcecode - HackerEvolutionUntold2014\Hacker Evolution Untold\Release\cl.command.1.tlog
C:\com.exosyphenstudios.shared\game - Hacker Evolution Untold\sourcecode - HackerEvolutionUntold2014\Hacker Evolution Untold\Release\CL.read.1.tlog
C:\com.exosyphenstudios.shared\game - Hacker Evolution Untold\sourcecode - HackerEvolutionUntold2014\Hacker Evolution Untold\Release\CL.write.1.tlog
C:\COM.EXOSYPHENSTUDIOS.SHARED\GAME - HACKER EVOLUTION UNTOLD\SOURCECODE - HACKEREVOLUTIONUNTOLD2014\HACKER EVOLUTION UNTOLD\RELEASE\EXOUTIL.OBJ
C:\COM.EXOSYPHENSTUDIOS.SHARED\GAME - HACKER EVOLUTION UNTOLD\SOURCECODE - HACKEREVOLUTIONUNTOLD2014\HACKER EVOLUTION UNTOLD\RELEASE\HACKER EVOLUTION UNTOLD.EXE.INTERMEDIATE.MANIFEST
C:\COM.EXOSYPHENSTUDIOS.SHARED\GAME - HACKER EVOLUTION UNTOLD\SOURCECODE - HACKEREVOLUTIONUNTOLD2014\HACKER EVOLUTION UNTOLD\RELEASE\HACKEREVOLUTION.OBJ
C:\COM.EXOSYPHENSTUDIOS.SHARED\GAME - HACKER EVOLUTION UNTOLD\SOURCECODE - HACKEREVOLUTIONUNTOLD2014\HACKER EVOLUTION UNTOLD\RELEASE\HACKEREVOLUTIONDEFINES.OBJ
C:\COM.EXOSYPHENSTUDIOS.SHARED\GAME - HACKER EVOLUTION UNTOLD\SOURCECODE - HACKEREVOLUTIONUNTOLD2014\HACKER EVOLUTION UNTOLD\RELEASE\HACKEREVOLUTIONUNTOLD.RES
C:\COM.EXOSYPHENSTUDIOS.SHARED\GAME - HACKER EVOLUTION UNTOLD\SOURCECODE - HACKEREVOLUTIONUNTOLD2014\HACKER EVOLUTION UNTOLD\RELEASE\HACKEREVOLUTIONUNTOLD_DEFINES.OBJ
C:\COM.EXOSYPHENSTUDIOS.SHARED\GAME - HACKER EVOLUTION UNTOLD\SOURCECODE - HACKEREVOLUTIONUNTOLD2014\HACKER EVOLUTION UNTOLD\RELEASE\HE_DUMMY.OBJ
C:\COM.EXOSYPHENSTUDIOS.SHARED\GAME - HACKER EVOLUTION UNTOLD\SOURCECODE - HACKEREVOLUTIONUNTOLD2014\HACKER EVOLUTION UNTOLD\RELEASE\HECOMMANDENGINE.OBJ
C:\COM.EXOSYPHENSTUDIOS.SHARED\GAME - HACKER EVOLUTION UNTOLD\SOURCECODE - HACKEREVOLUTIONUNTOLD2014\HACKER EVOLUTION UNTOLD\RELEASE\HEENGINE.OBJ
C:\COM.EXOSYPHENSTUDIOS.SHARED\GAME - HACKER EVOLUTION UNTOLD\SOURCECODE - HACKEREVOLUTIONUNTOLD2014\HACKER EVOLUTION UNTOLD\RELEASE\HEGAMELEVEL.OBJ
C:\COM.EXOSYPHENSTUDIOS.SHARED\GAME - HACKER EVOLUTION UNTOLD\SOURCECODE - HACKEREVOLUTIONUNTOLD2014\HACKER EVOLUTION UNTOLD\RELEASE\HEGAMEWINDOW.OBJ
C:\COM.EXOSYPHENSTUDIOS.SHARED\GAME - HACKER EVOLUTION UNTOLD\SOURCECODE - HACKEREVOLUTIONUNTOLD2014\HACKER EVOLUTION UNTOLD\RELEASE\HEKEYSTACK.OBJ
C:\COM.EXOSYPHENSTUDIOS.SHARED\GAME - HACKER EVOLUTION UNTOLD\SOURCECODE - HACKEREVOLUTIONUNTOLD2014\HACKER EVOLUTION UNTOLD\RELEASE\HELOG.OBJ
C:\COM.EXOSYPHENSTUDIOS.SHARED\GAME - HACKER EVOLUTION UNTOLD\SOURCECODE - HACKEREVOLUTIONUNTOLD2014\HACKER EVOLUTION UNTOLD\RELEASE\HEPLAYERINFO.OBJ
C:\COM.EXOSYPHENSTUDIOS.SHARED\GAME - HACKER EVOLUTION UNTOLD\SOURCECODE - HACKEREVOLUTIONUNTOLD2014\HACKER EVOLUTION UNTOLD\RELEASE\HESYSTEM.OBJ
C:\COM.EXOSYPHENSTUDIOS.SHARED\GAME - HACKER EVOLUTION UNTOLD\SOURCECODE - HACKEREVOLUTIONUNTOLD2014\HACKER EVOLUTION UNTOLD\RELEASE\HEUTGAMELANGUAGE.OBJ
C:\com.exosyphenstudios.shared\game - Hacker Evolution Untold\sourcecode - HackerEvolutionUntold2014\Hacker Evolution Untold\Release\inet.obj
C:\com.exosyphenstudios.shared\game - Hacker Evolution Untold\sourcecode - HackerEvolutionUntold2014\Hacker Evolution Untold\Release\link.command.1.tlog
C:\com.exosyphenstudios.shared\game - Hacker Evolution Untold\sourcecode - HackerEvolutionUntold2014\Hacker Evolution Untold\Release\link.read.1.tlog
C:\com.exosyphenstudios.shared\game - Hacker Evolution Untold\sourcecode - HackerEvolutionUntold2014\Hacker Evolution Untold\Release\link.write.1.tlog
C:\com.exosyphenstudios.shared\game - Hacker Evolution Untold\sourcecode - HackerEvolutionUntold2014\Hacker Evolution Untold\Release\link-cvtres.read.1.tlog
C:\com.exosyphenstudios.shared\game - Hacker Evolution Untold\sourcecode - HackerEvolutionUntold2014\Hacker Evolution Untold\Release\link-cvtres.write.1.tlog
C:\COM.EXOSYPHENSTUDIOS.SHARED\GAME - HACKER EVOLUTION UNTOLD\SOURCECODE - HACKEREVOLUTIONUNTOLD2014\HACKER EVOLUTION UNTOLD\RELEASE\MODULERENDER_DIRECTX.OBJ
C:\com.exosyphenstudios.shared\game - Hacker Evolution Untold\sourcecode - HackerEvolutionUntold2014\Hacker Evolution Untold\Release\mt.command.1.tlog
C:\com.exosyphenstudios.shared\game - Hacker Evolution Untold\sourcecode - HackerEvolutionUntold2014\Hacker Evolution Untold\Release\mt.read.1.tlog
C:\com.exosyphenstudios.shared\game - Hacker Evolution Untold\sourcecode - HackerEvolutionUntold2014\Hacker Evolution Untold\Release\mt.write.1.tlog
C:\com.exosyphenstudios.shared\game - Hacker Evolution Untold\sourcecode - HackerEvolutionUntold2014\Hacker Evolution Untold\Release\rc.command.1.tlog
C:\com.exosyphenstudios.shared\game - Hacker Evolution Untold\sourcecode - HackerEvolutionUntold2014\Hacker Evolution Untold\Release\rc.read.1.tlog
C:\com.exosyphenstudios.shared\game - Hacker Evolution Untold\sourcecode - HackerEvolutionUntold2014\Hacker Evolution Untold\Release\rc.write.1.tlog
C:\COM.EXOSYPHENSTUDIOS.SHARED\GAME - HACKER EVOLUTION UNTOLD\SOURCECODE - HACKEREVOLUTIONUNTOLD2014\HACKER EVOLUTION UNTOLD\RELEASE\STDAFX.OBJ
C:\COM.EXOSYPHENSTUDIOS.SHARED\GAME - HACKER EVOLUTION UNTOLD\SOURCECODE - HACKEREVOLUTIONUNTOLD2014\HACKER EVOLUTION UNTOLD\RELEASE\VC100.PDB
