..\..\game build - full version\Hacker Evolution Duality.pdb
C:\FOLDER.EXOSYPHENSTUDIOS.HACKEREVOLUTIONDUALITY2014\GAME BUILD - FULL VERSION\HACKER EVOLUTION DUALITY.EXE
C:\FOLDER.EXOSYPHENSTUDIOS.HACKEREVOLUTIONDUALITY2014\GAME BUILD - FULL VERSION\HACKER EVOLUTION DUALITY.PDB
C:\FOLDER.exosyphenstudios.HackerEvolutionDuality2014\work files - sourcecode\xproject-Windows\..\..\game build - full version\Hacker Evolution Duality.exe
C:\FOLDER.exosyphenstudios.HackerEvolutionDuality2014\work files - sourcecode\xproject-Windows\Debug\cl.command.1.tlog
C:\FOLDER.exosyphenstudios.HackerEvolutionDuality2014\work files - sourcecode\xproject-Windows\Debug\CL.read.1.tlog
C:\FOLDER.exosyphenstudios.HackerEvolutionDuality2014\work files - sourcecode\xproject-Windows\Debug\CL.write.1.tlog
C:\FOLDER.EXOSYPHENSTUDIOS.HACKEREVOLUTIONDUALITY2014\WORK FILES - SOURCECODE\XPROJECT-WINDOWS\DEBUG\HACKER EVOLUTION DUALITY.EXE.EMBED.MANIFEST
C:\FOLDER.EXOSYPHENSTUDIOS.HACKEREVOLUTIONDUALITY2014\WORK FILES - SOURCECODE\XPROJECT-WINDOWS\DEBUG\HACKER EVOLUTION DUALITY.EXE.EMBED.MANIFEST.RES
C:\FOLDER.EXOSYPHENSTUDIOS.HACKEREVOLUTIONDUALITY2014\WORK FILES - SOURCECODE\XPROJECT-WINDOWS\DEBUG\HACKER EVOLUTION DUALITY.EXE.INTERMEDIATE.MANIFEST
C:\FOLDER.exosyphenstudios.HackerEvolutionDuality2014\work files - sourcecode\xproject-Windows\Debug\Hacker Evolution Duality_manifest.rc
C:\FOLDER.EXOSYPHENSTUDIOS.HACKEREVOLUTIONDUALITY2014\WORK FILES - SOURCECODE\XPROJECT-WINDOWS\DEBUG\HACKER EVOLUTION DUALITY1.RES
C:\FOLDER.EXOSYPHENSTUDIOS.HACKEREVOLUTIONDUALITY2014\WORK FILES - SOURCECODE\XPROJECT-WINDOWS\DEBUG\HACKEREVOLUTIONDUALITYDEFINES.OBJ
C:\FOLDER.EXOSYPHENSTUDIOS.HACKEREVOLUTIONDUALITY2014\WORK FILES - SOURCECODE\XPROJECT-WINDOWS\DEBUG\HACKEREVOLUTIONDUALITYUTIL.OBJ
C:\FOLDER.EXOSYPHENSTUDIOS.HACKEREVOLUTIONDUALITY2014\WORK FILES - SOURCECODE\XPROJECT-WINDOWS\DEBUG\HEDCOMMANDCONSOLE.OBJ
C:\FOLDER.EXOSYPHENSTUDIOS.HACKEREVOLUTIONDUALITY2014\WORK FILES - SOURCECODE\XPROJECT-WINDOWS\DEBUG\HEDGAMEACHIEVEMENTS.OBJ
C:\FOLDER.EXOSYPHENSTUDIOS.HACKEREVOLUTIONDUALITY2014\WORK FILES - SOURCECODE\XPROJECT-WINDOWS\DEBUG\HEDGAMEENGINE.OBJ
C:\FOLDER.EXOSYPHENSTUDIOS.HACKEREVOLUTIONDUALITY2014\WORK FILES - SOURCECODE\XPROJECT-WINDOWS\DEBUG\HEDGAMEENGINE-CLASSINTERFACEMANAGER.OBJ
C:\FOLDER.EXOSYPHENSTUDIOS.HACKEREVOLUTIONDUALITY2014\WORK FILES - SOURCECODE\XPROJECT-WINDOWS\DEBUG\HEDGAMEENGINE-CLASSSERVER.OBJ
C:\FOLDER.EXOSYPHENSTUDIOS.HACKEREVOLUTIONDUALITY2014\WORK FILES - SOURCECODE\XPROJECT-WINDOWS\DEBUG\HEDGAMEENGINE-CLASSTEXTWINDOW.OBJ
C:\FOLDER.EXOSYPHENSTUDIOS.HACKEREVOLUTIONDUALITY2014\WORK FILES - SOURCECODE\XPROJECT-WINDOWS\DEBUG\HEDGAMEENGINE-GAME.OBJ
C:\FOLDER.EXOSYPHENSTUDIOS.HACKEREVOLUTIONDUALITY2014\WORK FILES - SOURCECODE\XPROJECT-WINDOWS\DEBUG\HEDGAMEENGINE-MENU.OBJ
C:\FOLDER.EXOSYPHENSTUDIOS.HACKEREVOLUTIONDUALITY2014\WORK FILES - SOURCECODE\XPROJECT-WINDOWS\DEBUG\HEDGAMELANGUAGE.OBJ
C:\FOLDER.EXOSYPHENSTUDIOS.HACKEREVOLUTIONDUALITY2014\WORK FILES - SOURCECODE\XPROJECT-WINDOWS\DEBUG\HEDGAMELEVEL.OBJ
C:\FOLDER.EXOSYPHENSTUDIOS.HACKEREVOLUTIONDUALITY2014\WORK FILES - SOURCECODE\XPROJECT-WINDOWS\DEBUG\HEDGAMESETTINGS.OBJ
C:\FOLDER.EXOSYPHENSTUDIOS.HACKEREVOLUTIONDUALITY2014\WORK FILES - SOURCECODE\XPROJECT-WINDOWS\DEBUG\HEDGAMEWINDOW.OBJ
C:\FOLDER.EXOSYPHENSTUDIOS.HACKEREVOLUTIONDUALITY2014\WORK FILES - SOURCECODE\XPROJECT-WINDOWS\DEBUG\HEDGRAPHICSIMAGE.OBJ
C:\FOLDER.EXOSYPHENSTUDIOS.HACKEREVOLUTIONDUALITY2014\WORK FILES - SOURCECODE\XPROJECT-WINDOWS\DEBUG\HEDPLAYERPROFILE.OBJ
C:\FOLDER.EXOSYPHENSTUDIOS.HACKEREVOLUTIONDUALITY2014\WORK FILES - SOURCECODE\XPROJECT-WINDOWS\DEBUG\HEDRENDEREROPENGL.OBJ
C:\FOLDER.EXOSYPHENSTUDIOS.HACKEREVOLUTIONDUALITY2014\WORK FILES - SOURCECODE\XPROJECT-WINDOWS\DEBUG\HEDSOUND.OBJ
C:\FOLDER.EXOSYPHENSTUDIOS.HACKEREVOLUTIONDUALITY2014\WORK FILES - SOURCECODE\XPROJECT-WINDOWS\DEBUG\HEDSTEAMACHIEVEMENTS.OBJ
C:\FOLDER.EXOSYPHENSTUDIOS.HACKEREVOLUTIONDUALITY2014\WORK FILES - SOURCECODE\XPROJECT-WINDOWS\DEBUG\HEDSYSTEM.OBJ
C:\FOLDER.EXOSYPHENSTUDIOS.HACKEREVOLUTIONDUALITY2014\WORK FILES - SOURCECODE\XPROJECT-WINDOWS\DEBUG\INET.OBJ
C:\FOLDER.exosyphenstudios.HackerEvolutionDuality2014\work files - sourcecode\xproject-Windows\Debug\link.command.1.tlog
C:\FOLDER.exosyphenstudios.HackerEvolutionDuality2014\work files - sourcecode\xproject-Windows\Debug\link.read.1.tlog
C:\FOLDER.exosyphenstudios.HackerEvolutionDuality2014\work files - sourcecode\xproject-Windows\Debug\link.write.1.tlog
C:\FOLDER.exosyphenstudios.HackerEvolutionDuality2014\work files - sourcecode\xproject-Windows\Debug\link-cvtres.read.1.tlog
C:\FOLDER.exosyphenstudios.HackerEvolutionDuality2014\work files - sourcecode\xproject-Windows\Debug\link-cvtres.write.1.tlog
C:\FOLDER.exosyphenstudios.HackerEvolutionDuality2014\work files - sourcecode\xproject-Windows\Debug\mt.command.1.tlog
C:\FOLDER.exosyphenstudios.HackerEvolutionDuality2014\work files - sourcecode\xproject-Windows\Debug\mt.read.1.tlog
C:\FOLDER.exosyphenstudios.HackerEvolutionDuality2014\work files - sourcecode\xproject-Windows\Debug\mt.write.1.tlog
C:\FOLDER.exosyphenstudios.HackerEvolutionDuality2014\work files - sourcecode\xproject-Windows\Debug\rc.command.1.tlog
C:\FOLDER.exosyphenstudios.HackerEvolutionDuality2014\work files - sourcecode\xproject-Windows\Debug\rc.read.1.tlog
C:\FOLDER.exosyphenstudios.HackerEvolutionDuality2014\work files - sourcecode\xproject-Windows\Debug\rc.write.1.tlog
C:\FOLDER.EXOSYPHENSTUDIOS.HACKEREVOLUTIONDUALITY2014\WORK FILES - SOURCECODE\XPROJECT-WINDOWS\DEBUG\SDL2_FRAMERATE.OBJ
C:\FOLDER.EXOSYPHENSTUDIOS.HACKEREVOLUTIONDUALITY2014\WORK FILES - SOURCECODE\XPROJECT-WINDOWS\DEBUG\SDL2_GFXPRIMITIVES.OBJ
C:\FOLDER.EXOSYPHENSTUDIOS.HACKEREVOLUTIONDUALITY2014\WORK FILES - SOURCECODE\XPROJECT-WINDOWS\DEBUG\SDL2_IMAGEFILTER.OBJ
C:\FOLDER.EXOSYPHENSTUDIOS.HACKEREVOLUTIONDUALITY2014\WORK FILES - SOURCECODE\XPROJECT-WINDOWS\DEBUG\SDL2_ROTOZOOM.OBJ
C:\FOLDER.EXOSYPHENSTUDIOS.HACKEREVOLUTIONDUALITY2014\WORK FILES - SOURCECODE\XPROJECT-WINDOWS\DEBUG\SYS_MAIN.OBJ
C:\FOLDER.exosyphenstudios.HackerEvolutionDuality2014\work files - sourcecode\xproject-Windows\Debug\vc100.idb
C:\FOLDER.EXOSYPHENSTUDIOS.HACKEREVOLUTIONDUALITY2014\WORK FILES - SOURCECODE\XPROJECT-WINDOWS\DEBUG\VC100.PDB
