..\..\gamerelease - internal\Hacker Evolution Untold.pdb
C:\FOLDER.EXOSYPHENSTUDIOS.HACKEREVOLUTIONUNTOLD\GAMERELEASE - INTERNAL\HACKER EVOLUTION UNTOLD.EXE
C:\FOLDER.EXOSYPHENSTUDIOS.HACKEREVOLUTIONUNTOLD\GAMERELEASE - INTERNAL\HACKER EVOLUTION UNTOLD.PDB
C:\FOLDER.exosyphenstudios.HackerEvolutionUntold\sourcecode - HackerEvolutionUntold2014\Hacker Evolution Untold\..\..\gamerelease - internal\Hacker Evolution Untold.exe
C:\FOLDER.EXOSYPHENSTUDIOS.HACKEREVOLUTIONUNTOLD\SOURCECODE - HACKEREVOLUTIONUNTOLD2014\HACKER EVOLUTION UNTOLD\DEBUG\BSHAUDIODIRECTX.OBJ
C:\FOLDER.EXOSYPHENSTUDIOS.HACKEREVOLUTIONUNTOLD\SOURCECODE - HACKEREVOLUTIONUNTOLD2014\HACKER EVOLUTION UNTOLD\DEBUG\BSHAUDIOPLAYLIST.OBJ
C:\FOLDER.EXOSYPHENSTUDIOS.HACKEREVOLUTIONUNTOLD\SOURCECODE - HACKEREVOLUTIONUNTOLD2014\HACKER EVOLUTION UNTOLD\DEBUG\BSHINPUT.OBJ
C:\FOLDER.exosyphenstudios.HackerEvolutionUntold\sourcecode - HackerEvolutionUntold2014\Hacker Evolution Untold\Debug\cl.command.1.tlog
C:\FOLDER.exosyphenstudios.HackerEvolutionUntold\sourcecode - HackerEvolutionUntold2014\Hacker Evolution Untold\Debug\CL.read.1.tlog
C:\FOLDER.exosyphenstudios.HackerEvolutionUntold\sourcecode - HackerEvolutionUntold2014\Hacker Evolution Untold\Debug\CL.write.1.tlog
C:\FOLDER.EXOSYPHENSTUDIOS.HACKEREVOLUTIONUNTOLD\SOURCECODE - HACKEREVOLUTIONUNTOLD2014\HACKER EVOLUTION UNTOLD\DEBUG\EXOUTIL.OBJ
C:\FOLDER.EXOSYPHENSTUDIOS.HACKEREVOLUTIONUNTOLD\SOURCECODE - HACKEREVOLUTIONUNTOLD2014\HACKER EVOLUTION UNTOLD\DEBUG\HACKER EVOLUTION UNTOLD.EXE.EMBED.MANIFEST
C:\FOLDER.EXOSYPHENSTUDIOS.HACKEREVOLUTIONUNTOLD\SOURCECODE - HACKEREVOLUTIONUNTOLD2014\HACKER EVOLUTION UNTOLD\DEBUG\HACKER EVOLUTION UNTOLD.EXE.EMBED.MANIFEST.RES
C:\FOLDER.EXOSYPHENSTUDIOS.HACKEREVOLUTIONUNTOLD\SOURCECODE - HACKEREVOLUTIONUNTOLD2014\HACKER EVOLUTION UNTOLD\DEBUG\HACKER EVOLUTION UNTOLD.EXE.INTERMEDIATE.MANIFEST
C:\FOLDER.exosyphenstudios.HackerEvolutionUntold\sourcecode - HackerEvolutionUntold2014\Hacker Evolution Untold\Debug\Hacker Evolution Untold_manifest.rc
C:\FOLDER.EXOSYPHENSTUDIOS.HACKEREVOLUTIONUNTOLD\SOURCECODE - HACKEREVOLUTIONUNTOLD2014\HACKER EVOLUTION UNTOLD\DEBUG\HACKEREVOLUTION.OBJ
C:\FOLDER.EXOSYPHENSTUDIOS.HACKEREVOLUTIONUNTOLD\SOURCECODE - HACKEREVOLUTIONUNTOLD2014\HACKER EVOLUTION UNTOLD\DEBUG\HACKEREVOLUTIONDEFINES.OBJ
C:\FOLDER.EXOSYPHENSTUDIOS.HACKEREVOLUTIONUNTOLD\SOURCECODE - HACKEREVOLUTIONUNTOLD2014\HACKER EVOLUTION UNTOLD\DEBUG\HACKEREVOLUTIONUNTOLD.RES
C:\FOLDER.EXOSYPHENSTUDIOS.HACKEREVOLUTIONUNTOLD\SOURCECODE - HACKEREVOLUTIONUNTOLD2014\HACKER EVOLUTION UNTOLD\DEBUG\HACKEREVOLUTIONUNTOLD_DEFINES.OBJ
C:\FOLDER.EXOSYPHENSTUDIOS.HACKEREVOLUTIONUNTOLD\SOURCECODE - HACKEREVOLUTIONUNTOLD2014\HACKER EVOLUTION UNTOLD\DEBUG\HE_DUMMY.OBJ
C:\FOLDER.EXOSYPHENSTUDIOS.HACKEREVOLUTIONUNTOLD\SOURCECODE - HACKEREVOLUTIONUNTOLD2014\HACKER EVOLUTION UNTOLD\DEBUG\HECOMMANDENGINE.OBJ
C:\FOLDER.EXOSYPHENSTUDIOS.HACKEREVOLUTIONUNTOLD\SOURCECODE - HACKEREVOLUTIONUNTOLD2014\HACKER EVOLUTION UNTOLD\DEBUG\HEENGINE.OBJ
C:\FOLDER.EXOSYPHENSTUDIOS.HACKEREVOLUTIONUNTOLD\SOURCECODE - HACKEREVOLUTIONUNTOLD2014\HACKER EVOLUTION UNTOLD\DEBUG\HEGAMELEVEL.OBJ
C:\FOLDER.EXOSYPHENSTUDIOS.HACKEREVOLUTIONUNTOLD\SOURCECODE - HACKEREVOLUTIONUNTOLD2014\HACKER EVOLUTION UNTOLD\DEBUG\HEGAMEWINDOW.OBJ
C:\FOLDER.EXOSYPHENSTUDIOS.HACKEREVOLUTIONUNTOLD\SOURCECODE - HACKEREVOLUTIONUNTOLD2014\HACKER EVOLUTION UNTOLD\DEBUG\HEKEYSTACK.OBJ
C:\FOLDER.EXOSYPHENSTUDIOS.HACKEREVOLUTIONUNTOLD\SOURCECODE - HACKEREVOLUTIONUNTOLD2014\HACKER EVOLUTION UNTOLD\DEBUG\HELOG.OBJ
C:\FOLDER.EXOSYPHENSTUDIOS.HACKEREVOLUTIONUNTOLD\SOURCECODE - HACKEREVOLUTIONUNTOLD2014\HACKER EVOLUTION UNTOLD\DEBUG\HEPLAYERINFO.OBJ
C:\FOLDER.EXOSYPHENSTUDIOS.HACKEREVOLUTIONUNTOLD\SOURCECODE - HACKEREVOLUTIONUNTOLD2014\HACKER EVOLUTION UNTOLD\DEBUG\HESYSTEM.OBJ
C:\FOLDER.EXOSYPHENSTUDIOS.HACKEREVOLUTIONUNTOLD\SOURCECODE - HACKEREVOLUTIONUNTOLD2014\HACKER EVOLUTION UNTOLD\DEBUG\HEUTGAMELANGUAGE.OBJ
C:\FOLDER.exosyphenstudios.HackerEvolutionUntold\sourcecode - HackerEvolutionUntold2014\Hacker Evolution Untold\Debug\link.command.1.tlog
C:\FOLDER.exosyphenstudios.HackerEvolutionUntold\sourcecode - HackerEvolutionUntold2014\Hacker Evolution Untold\Debug\link.read.1.tlog
C:\FOLDER.exosyphenstudios.HackerEvolutionUntold\sourcecode - HackerEvolutionUntold2014\Hacker Evolution Untold\Debug\link.write.1.tlog
C:\FOLDER.exosyphenstudios.HackerEvolutionUntold\sourcecode - HackerEvolutionUntold2014\Hacker Evolution Untold\Debug\link-cvtres.read.1.tlog
C:\FOLDER.exosyphenstudios.HackerEvolutionUntold\sourcecode - HackerEvolutionUntold2014\Hacker Evolution Untold\Debug\link-cvtres.write.1.tlog
C:\FOLDER.EXOSYPHENSTUDIOS.HACKEREVOLUTIONUNTOLD\SOURCECODE - HACKEREVOLUTIONUNTOLD2014\HACKER EVOLUTION UNTOLD\DEBUG\MODULERENDER_DIRECTX.OBJ
C:\FOLDER.exosyphenstudios.HackerEvolutionUntold\sourcecode - HackerEvolutionUntold2014\Hacker Evolution Untold\Debug\mt.command.1.tlog
C:\FOLDER.exosyphenstudios.HackerEvolutionUntold\sourcecode - HackerEvolutionUntold2014\Hacker Evolution Untold\Debug\mt.read.1.tlog
C:\FOLDER.exosyphenstudios.HackerEvolutionUntold\sourcecode - HackerEvolutionUntold2014\Hacker Evolution Untold\Debug\mt.write.1.tlog
C:\FOLDER.exosyphenstudios.HackerEvolutionUntold\sourcecode - HackerEvolutionUntold2014\Hacker Evolution Untold\Debug\rc.command.1.tlog
C:\FOLDER.exosyphenstudios.HackerEvolutionUntold\sourcecode - HackerEvolutionUntold2014\Hacker Evolution Untold\Debug\rc.read.1.tlog
C:\FOLDER.exosyphenstudios.HackerEvolutionUntold\sourcecode - HackerEvolutionUntold2014\Hacker Evolution Untold\Debug\rc.write.1.tlog
C:\FOLDER.EXOSYPHENSTUDIOS.HACKEREVOLUTIONUNTOLD\SOURCECODE - HACKEREVOLUTIONUNTOLD2014\HACKER EVOLUTION UNTOLD\DEBUG\STDAFX.OBJ
C:\FOLDER.exosyphenstudios.HackerEvolutionUntold\sourcecode - HackerEvolutionUntold2014\Hacker Evolution Untold\Debug\vc100.idb
C:\FOLDER.EXOSYPHENSTUDIOS.HACKEREVOLUTIONUNTOLD\SOURCECODE - HACKEREVOLUTIONUNTOLD2014\HACKER EVOLUTION UNTOLD\DEBUG\VC100.PDB
