C:\COM.EXOSYPHENSTUDIOS.SHARED\GAME - HACKER EVOLUTION\GAMERELEASE - INTERNAL\HACKEREVOLUTION.EXE
C:\COM.EXOSYPHENSTUDIOS.SHARED\GAME - HACKER EVOLUTION\GAMERELEASE - INTERNAL\HACKEREVOLUTION.PDB
C:\COM.EXOSYPHENSTUDIOS.SHARED\GAME - HACKER EVOLUTION\SOURCECODE - HACKEREVOLUTION2014\HACKEREVOLUTION\DEBUG\BSHAUDIODIRECTX.OBJ
C:\COM.EXOSYPHENSTUDIOS.SHARED\GAME - HACKER EVOLUTION\SOURCECODE - HACKEREVOLUTION2014\HACKEREVOLUTION\DEBUG\BSHAUDIOPLAYLIST.OBJ
C:\COM.EXOSYPHENSTUDIOS.SHARED\GAME - HACKER EVOLUTION\SOURCECODE - HACKEREVOLUTION2014\HACKEREVOLUTION\DEBUG\BSHINPUT.OBJ
C:\com.exosyphenstudios.shared\game - Hacker Evolution\sourcecode - HackerEvolution2014\HackerEvolution\Debug\cl.command.1.tlog
C:\com.exosyphenstudios.shared\game - Hacker Evolution\sourcecode - HackerEvolution2014\HackerEvolution\Debug\CL.read.1.tlog
C:\com.exosyphenstudios.shared\game - Hacker Evolution\sourcecode - HackerEvolution2014\HackerEvolution\Debug\CL.write.1.tlog
C:\COM.EXOSYPHENSTUDIOS.SHARED\GAME - HACKER EVOLUTION\SOURCECODE - HACKEREVOLUTION2014\HACKEREVOLUTION\DEBUG\EXOUTIL.OBJ
C:\COM.EXOSYPHENSTUDIOS.SHARED\GAME - HACKER EVOLUTION\SOURCECODE - HACKEREVOLUTION2014\HACKEREVOLUTION\DEBUG\HACKEREVOLUTION.EXE.INTERMEDIATE.MANIFEST
C:\COM.EXOSYPHENSTUDIOS.SHARED\GAME - HACKER EVOLUTION\SOURCECODE - HACKEREVOLUTION2014\HACKEREVOLUTION\DEBUG\HACKEREVOLUTION.OBJ
C:\COM.EXOSYPHENSTUDIOS.SHARED\GAME - HACKER EVOLUTION\SOURCECODE - HACKEREVOLUTION2014\HACKEREVOLUTION\DEBUG\HACKEREVOLUTION.RES
C:\COM.EXOSYPHENSTUDIOS.SHARED\GAME - HACKER EVOLUTION\SOURCECODE - HACKEREVOLUTION2014\HACKEREVOLUTION\DEBUG\HACKEREVOLUTIONDEFINES.OBJ
C:\COM.EXOSYPHENSTUDIOS.SHARED\GAME - HACKER EVOLUTION\SOURCECODE - HACKEREVOLUTION2014\HACKEREVOLUTION\DEBUG\HECOMMANDENGINE.OBJ
C:\COM.EXOSYPHENSTUDIOS.SHARED\GAME - HACKER EVOLUTION\SOURCECODE - HACKEREVOLUTION2014\HACKEREVOLUTION\DEBUG\HEENGINE.OBJ
C:\COM.EXOSYPHENSTUDIOS.SHARED\GAME - HACKER EVOLUTION\SOURCECODE - HACKEREVOLUTION2014\HACKEREVOLUTION\DEBUG\HEGAMELEVEL.OBJ
C:\COM.EXOSYPHENSTUDIOS.SHARED\GAME - HACKER EVOLUTION\SOURCECODE - HACKEREVOLUTION2014\HACKEREVOLUTION\DEBUG\HEGAMEWINDOW.OBJ
C:\COM.EXOSYPHENSTUDIOS.SHARED\GAME - HACKER EVOLUTION\SOURCECODE - HACKEREVOLUTION2014\HACKEREVOLUTION\DEBUG\HEKEYSTACK.OBJ
C:\COM.EXOSYPHENSTUDIOS.SHARED\GAME - HACKER EVOLUTION\SOURCECODE - HACKEREVOLUTION2014\HACKEREVOLUTION\DEBUG\HELOG.OBJ
C:\COM.EXOSYPHENSTUDIOS.SHARED\GAME - HACKER EVOLUTION\SOURCECODE - HACKEREVOLUTION2014\HACKEREVOLUTION\DEBUG\HEPLAYERINFO.OBJ
C:\COM.EXOSYPHENSTUDIOS.SHARED\GAME - HACKER EVOLUTION\SOURCECODE - HACKEREVOLUTION2014\HACKEREVOLUTION\DEBUG\HESYSTEM.OBJ
C:\com.exosyphenstudios.shared\game - Hacker Evolution\sourcecode - HackerEvolution2014\HackerEvolution\Debug\link.command.1.tlog
C:\com.exosyphenstudios.shared\game - Hacker Evolution\sourcecode - HackerEvolution2014\HackerEvolution\Debug\link.read.1.tlog
C:\com.exosyphenstudios.shared\game - Hacker Evolution\sourcecode - HackerEvolution2014\HackerEvolution\Debug\link.write.1.tlog
C:\com.exosyphenstudios.shared\game - Hacker Evolution\sourcecode - HackerEvolution2014\HackerEvolution\Debug\link-cvtres.read.1.tlog
C:\com.exosyphenstudios.shared\game - Hacker Evolution\sourcecode - HackerEvolution2014\HackerEvolution\Debug\link-cvtres.write.1.tlog
C:\COM.EXOSYPHENSTUDIOS.SHARED\GAME - HACKER EVOLUTION\SOURCECODE - HACKEREVOLUTION2014\HACKEREVOLUTION\DEBUG\MODULERENDER_DIRECTX.OBJ
C:\com.exosyphenstudios.shared\game - Hacker Evolution\sourcecode - HackerEvolution2014\HackerEvolution\Debug\mt.command.1.tlog
C:\com.exosyphenstudios.shared\game - Hacker Evolution\sourcecode - HackerEvolution2014\HackerEvolution\Debug\mt.read.1.tlog
C:\com.exosyphenstudios.shared\game - Hacker Evolution\sourcecode - HackerEvolution2014\HackerEvolution\Debug\mt.write.1.tlog
C:\com.exosyphenstudios.shared\game - Hacker Evolution\sourcecode - HackerEvolution2014\HackerEvolution\Debug\rc.command.1.tlog
C:\com.exosyphenstudios.shared\game - Hacker Evolution\sourcecode - HackerEvolution2014\HackerEvolution\Debug\rc.read.1.tlog
C:\com.exosyphenstudios.shared\game - Hacker Evolution\sourcecode - HackerEvolution2014\HackerEvolution\Debug\rc.write.1.tlog
C:\com.exosyphenstudios.shared\game - Hacker Evolution\sourcecode - HackerEvolution2014\HackerEvolution\Debug\vc100.idb
C:\COM.EXOSYPHENSTUDIOS.SHARED\GAME - HACKER EVOLUTION\SOURCECODE - HACKEREVOLUTION2014\HACKEREVOLUTION\DEBUG\VC100.PDB
